<?xml version="1.0" encoding="UTF-8"?>
<!-- Generated by org.testng.reporters.JUnitReportReporter -->
<testsuite hostname="TYSS-4F-048" name="scripts.BuyMobiles" tests="1" failures="0" timestamp="9 Mar 2018 06:46:12 GMT" time="35.216" errors="0">
  <testcase name="testBuyMobiles" time="35.216" classname="scripts.BuyMobiles"/>
</testsuite> <!-- scripts.BuyMobiles -->
